No errors on assembly of 'd:\stm8\dbg1\mapping.asm'
No errors on assembly of 'd:\stm8\dbg1\mapping.asm'
No errors on assembly of 'd:\stm8\dbg1\main.asm'
No errors on assembly of 'd:\stm8\dbg1\main.asm'
d:\stm8\dbg1\main.asm(46): as1 : Error 54: Can't match Addressing mode '  LD  $5011, #$08'
1 error on assembly of 'd:\stm8\dbg1\main.asm'
d:\stm8\dbg1\main.asm(46): as1 : Error 54: Can't match Addressing mode '  LD  $5011, #$08'
1 error on assembly of 'd:\stm8\dbg1\main.asm'
d:\stm8\dbg1\main.asm(47): as1 : Error 54: Can't match Addressing mode '  LD  $5011, #$08'
1 error on assembly of 'd:\stm8\dbg1\main.asm'
d:\stm8\dbg1\main.asm(47): as1 : Error 54: Can't match Addressing mode '  LD  $5011, #$08'
1 error on assembly of 'd:\stm8\dbg1\main.asm'
No errors on assembly of 'd:\stm8\dbg1\main.asm'
No errors on assembly of 'd:\stm8\dbg1\main.asm'
No errors on assembly of 'd:\stm8\dbg1\mapping.asm'
No errors on assembly of 'd:\stm8\dbg1\mapping.asm'
d:\stm8\dbg1\main.asm(50): as1 : Error 54: Can't match Addressing mode '	LD  $5012 A'
d:\stm8\dbg1\main.asm(52): as1 : Error 54: Can't match Addressing mode '	LD  $5013 A'
d:\stm8\dbg1\main.asm(54): as1 : Error 54: Can't match Addressing mode '	BSET PD_ORD, #$08;'
d:\stm8\dbg1\main.asm(56): as1 : Error 54: Can't match Addressing mode '	BRES PD_ORD, #$08;'
4 errors on assembly of 'd:\stm8\dbg1\main.asm'
d:\stm8\dbg1\main.asm(50): as1 : Error 54: Can't match Addressing mode '	LD  $5012 A'
d:\stm8\dbg1\main.asm(52): as1 : Error 54: Can't match Addressing mode '	LD  $5013 A'
d:\stm8\dbg1\main.asm(54): as1 : Error 54: Can't match Addressing mode '	BSET PD_ORD, #$08;'
d:\stm8\dbg1\main.asm(56): as1 : Error 54: Can't match Addressing mode '	BRES PD_ORD, #$08;'
d:\stm8\dbg1\main.asm(54): as2 : Error 46: Illegal undefined label 'PD_ORD, #$08;'
d:\stm8\dbg1\main.asm(56): as2 : Error 46: Illegal undefined label 'PD_ORD, #$08;'
6 errors on assembly of 'd:\stm8\dbg1\main.asm'
d:\stm8\dbg1\main.asm(50): as1 : Error 54: Can't match Addressing mode '	LD  $5012 A'
d:\stm8\dbg1\main.asm(52): as1 : Error 54: Can't match Addressing mode '	LD  $5013 A'
d:\stm8\dbg1\main.asm(54): as1 : Error 54: Can't match Addressing mode '	BSET $500F, #$08;'
d:\stm8\dbg1\main.asm(56): as1 : Error 54: Can't match Addressing mode '	BRES $500F, #$08;'
4 errors on assembly of 'd:\stm8\dbg1\main.asm'
d:\stm8\dbg1\main.asm(50): as1 : Error 54: Can't match Addressing mode '	LD  $5012 A'
d:\stm8\dbg1\main.asm(52): as1 : Error 54: Can't match Addressing mode '	LD  $5013 A'
d:\stm8\dbg1\main.asm(54): as1 : Error 54: Can't match Addressing mode '	BSET $500F, #$08;'
d:\stm8\dbg1\main.asm(56): as1 : Error 54: Can't match Addressing mode '	BRES $500F, #$08;'
4 errors on assembly of 'd:\stm8\dbg1\main.asm'
d:\stm8\dbg1\main.asm(50): as1 : Error 54: Can't match Addressing mode '	LD  $5012 A'
d:\stm8\dbg1\main.asm(52): as1 : Error 54: Can't match Addressing mode '	LD  $5013 A'
d:\stm8\dbg1\main.asm(55): as1 : Error 54: Can't match Addressing mode '	BSET $500F, A;'
d:\stm8\dbg1\main.asm(58): as1 : Error 54: Can't match Addressing mode '	BRES $500F, A;'
4 errors on assembly of 'd:\stm8\dbg1\main.asm'
d:\stm8\dbg1\main.asm(50): as1 : Error 54: Can't match Addressing mode '	LD  $5012 A'
d:\stm8\dbg1\main.asm(52): as1 : Error 54: Can't match Addressing mode '	LD  $5013 A'
d:\stm8\dbg1\main.asm(55): as1 : Error 54: Can't match Addressing mode '	BSET $500F, A;'
d:\stm8\dbg1\main.asm(58): as1 : Error 54: Can't match Addressing mode '	BRES $500F, A;'
4 errors on assembly of 'd:\stm8\dbg1\main.asm'
d:\stm8\dbg1\main.asm(50): as1 : Error 54: Can't match Addressing mode '	LD  $5012 A'
d:\stm8\dbg1\main.asm(52): as1 : Error 54: Can't match Addressing mode '	LD  $5013 A'
2 errors on assembly of 'd:\stm8\dbg1\main.asm'
d:\stm8\dbg1\main.asm(50): as1 : Error 54: Can't match Addressing mode '	LD  $5012 A'
d:\stm8\dbg1\main.asm(52): as1 : Error 54: Can't match Addressing mode '	LD  $5013 A'
2 errors on assembly of 'd:\stm8\dbg1\main.asm'
d:\stm8\dbg1\main.asm(50): as1 : Error 54: Can't match Addressing mode '	LD  $5012 A'
d:\stm8\dbg1\main.asm(52): as1 : Error 54: Can't match Addressing mode '	LD  $5013 A'
2 errors on assembly of 'd:\stm8\dbg1\main.asm'
d:\stm8\dbg1\main.asm(50): as1 : Error 54: Can't match Addressing mode '	LD  $5012 A'
d:\stm8\dbg1\main.asm(52): as1 : Error 54: Can't match Addressing mode '	LD  $5013 A'
2 errors on assembly of 'd:\stm8\dbg1\main.asm'
No errors on assembly of 'd:\stm8\dbg1\main.asm'
No errors on assembly of 'd:\stm8\dbg1\main.asm'
No errors on assembly of 'd:\stm8\dbg1\main.asm'
No errors on assembly of 'd:\stm8\dbg1\main.asm'
d:\stm8\dbg1\main.asm(48): as1 : Error 54: Can't match Addressing mode '  BSET $5011, #$10 '
d:\stm8\dbg1\main.asm(50): as1 : Error 54: Can't match Addressing mode '	BSET  $5012, #$10'
d:\stm8\dbg1\main.asm(52): as1 : Error 54: Can't match Addressing mode '	BSET  $5013, #$10 '
3 errors on assembly of 'd:\stm8\dbg1\main.asm'
d:\stm8\dbg1\main.asm(48): as1 : Error 54: Can't match Addressing mode '  BSET $5011, #$10 '
d:\stm8\dbg1\main.asm(50): as1 : Error 54: Can't match Addressing mode '	BSET  $5012, #$10'
d:\stm8\dbg1\main.asm(52): as1 : Error 54: Can't match Addressing mode '	BSET  $5013, #$10 '
3 errors on assembly of 'd:\stm8\dbg1\main.asm'
No errors on assembly of 'd:\stm8\dbg1\main.asm'
No errors on assembly of 'd:\stm8\dbg1\main.asm'
No errors on assembly of 'd:\stm8\dbg1\main.asm'
No errors on assembly of 'd:\stm8\dbg1\main.asm'
d:\stm8\dbg1\main.asm(67): as2 : Error 46: Illegal undefined label 'FFFE;'
d:\stm8\dbg1\main.asm(74): as2 : Error 46: Illegal undefined label 'FFFE;'
2 errors on assembly of 'd:\stm8\dbg1\main.asm'
No errors on assembly of 'd:\stm8\dbg1\main.asm'
d:\stm8\dbg1\main.asm(67): as2 : Error 46: Illegal undefined label 'FFFE;'
d:\stm8\dbg1\main.asm(74): as2 : Error 46: Illegal undefined label 'FFFE'
2 errors on assembly of 'd:\stm8\dbg1\main.asm'
No errors on assembly of 'd:\stm8\dbg1\main.asm'
No errors on assembly of 'd:\stm8\dbg1\main.asm'
No errors on assembly of 'd:\stm8\dbg1\main.asm'
No errors on assembly of 'd:\stm8\dbg1\main.asm'
No errors on assembly of 'd:\stm8\dbg1\main.asm'
No errors on assembly of 'd:\stm8\dbg1\main.asm'
No errors on assembly of 'd:\stm8\dbg1\main.asm'
No errors on assembly of 'd:\stm8\dbg1\main.asm'
No errors on assembly of 'd:\stm8\dbg1\main.asm'
d:\stm8\dbg1\main.asm(59): as1 : Error 54: Can't match Addressing mode '	pushw #$ffff'
1 error on assembly of 'd:\stm8\dbg1\main.asm'
d:\stm8\dbg1\main.asm(59): as1 : Error 54: Can't match Addressing mode '	pushw #$ffff'
d:\stm8\dbg1\main.asm(204): as2 : Error 46: Illegal undefined label 'TIM2_PSCRH, A'
d:\stm8\dbg1\main.asm(206): as2 : Error 46: Illegal undefined label 'TIM2_PSCRL, A		'
3 errors on assembly of 'd:\stm8\dbg1\main.asm'
d:\stm8\dbg1\main.asm(59): as1 : Error 54: Can't match Addressing mode '	pushw #$ffff'
1 error on assembly of 'd:\stm8\dbg1\main.asm'
d:\stm8\dbg1\main.asm(59): as1 : Error 54: Can't match Addressing mode '	pushw #$ffff'
1 error on assembly of 'd:\stm8\dbg1\main.asm'
No errors on assembly of 'd:\stm8\dbg1\mapping.asm'
No errors on assembly of 'd:\stm8\dbg1\mapping.asm'
No errors on assembly of 'd:\stm8\dbg1\main.asm'
No errors on assembly of 'd:\stm8\dbg1\main.asm'
No errors on assembly of 'd:\stm8\dbg1\mapping.asm'
No errors on assembly of 'd:\stm8\dbg1\mapping.asm'
d:\stm8\dbg1\main.asm(73): as1 : Error 54: Can't match Addressing mode '	LDW SP, A'
1 error on assembly of 'd:\stm8\dbg1\main.asm'
d:\stm8\dbg1\main.asm(73): as1 : Error 54: Can't match Addressing mode '	LDW SP, A'
1 error on assembly of 'd:\stm8\dbg1\main.asm'
d:\stm8\dbg1\main.asm(73): as1 : Error 54: Can't match Addressing mode '	DECW SP, A'
1 error on assembly of 'd:\stm8\dbg1\main.asm'
d:\stm8\dbg1\main.asm(73): as1 : Error 54: Can't match Addressing mode '	DECW SP, A'
1 error on assembly of 'd:\stm8\dbg1\main.asm'
d:\stm8\dbg1\main.asm(73): as1 : Error 54: Can't match Addressing mode '	SUBW SP, A'
1 error on assembly of 'd:\stm8\dbg1\main.asm'
d:\stm8\dbg1\main.asm(73): as1 : Error 54: Can't match Addressing mode '	SUBW SP, A'
1 error on assembly of 'd:\stm8\dbg1\main.asm'
No errors on assembly of 'd:\stm8\dbg1\mapping.asm'
No errors on assembly of 'd:\stm8\dbg1\mapping.asm'
No errors on assembly of 'd:\stm8\dbg1\main.asm'
No errors on assembly of 'd:\stm8\dbg1\main.asm'
No errors on assembly of 'd:\stm8\dbg1\mapping.asm'
No errors on assembly of 'd:\stm8\dbg1\mapping.asm'
No errors on assembly of 'd:\stm8\dbg1\main.asm'
No errors on assembly of 'd:\stm8\dbg1\main.asm'
No errors on assembly of 'd:\stm8\dbg1\mapping.asm'
No errors on assembly of 'd:\stm8\dbg1\mapping.asm'
No errors on assembly of 'd:\stm8\dbg1\main.asm'
No errors on assembly of 'd:\stm8\dbg1\main.asm'
No errors on assembly of 'd:\stm8\dbg1\mapping.asm'
No errors on assembly of 'd:\stm8\dbg1\mapping.asm'
No errors on assembly of 'd:\stm8\dbg1\main.asm'
No errors on assembly of 'd:\stm8\dbg1\main.asm'
No errors on assembly of 'd:\stm8\dbg1\mapping.asm'
No errors on assembly of 'd:\stm8\dbg1\mapping.asm'
No errors on assembly of 'd:\stm8\dbg1\main.asm'
No errors on assembly of 'd:\stm8\dbg1\main.asm'
No errors on assembly of 'd:\stm8\dbg1\main.asm'
No errors on assembly of 'd:\stm8\dbg1\mapping.asm'
No errors on assembly of 'd:\stm8\dbg1\mapping.asm'
No errors on assembly of 'd:\stm8\dbg1\main.asm'
d:\stm8\dbg1\main.asm(80): as2 : Error 46: Illegal undefined label 'tim1OutputCompareCh3Setup'
1 error on assembly of 'd:\stm8\dbg1\main.asm'
No errors on assembly of 'd:\stm8\dbg1\mapping.asm'
No errors on assembly of 'd:\stm8\dbg1\mapping.asm'
No errors on assembly of 'd:\stm8\dbg1\main.asm'
No errors on assembly of 'd:\stm8\dbg1\main.asm'
No errors on assembly of 'd:\stm8\dbg1\main.asm'
d:\stm8\dbg1\main.asm(271): as2 : Error 46: Illegal undefined label 'TIM1_PSCR, A	'
1 error on assembly of 'd:\stm8\dbg1\main.asm'
No errors on assembly of 'd:\stm8\dbg1\main.asm'
No errors on assembly of 'd:\stm8\dbg1\main.asm'
No errors on assembly of 'd:\stm8\dbg1\mapping.asm'
No errors on assembly of 'd:\stm8\dbg1\mapping.asm'
No errors on assembly of 'd:\stm8\dbg1\main.asm'
No errors on assembly of 'd:\stm8\dbg1\main.asm'
No errors on assembly of 'd:\stm8\dbg1\mapping.asm'
No errors on assembly of 'd:\stm8\dbg1\mapping.asm'
No errors on assembly of 'd:\stm8\dbg1\main.asm'
No errors on assembly of 'd:\stm8\dbg1\main.asm'
No errors on assembly of 'd:\stm8\dbg1\mapping.asm'
No errors on assembly of 'd:\stm8\dbg1\mapping.asm'
No errors on assembly of 'd:\stm8\dbg1\main.asm'
No errors on assembly of 'd:\stm8\dbg1\main.asm'
No errors on assembly of 'd:\stm8\dbg1\mapping.asm'
No errors on assembly of 'd:\stm8\dbg1\mapping.asm'
No errors on assembly of 'd:\stm8\dbg1\main.asm'
No errors on assembly of 'd:\stm8\dbg1\main.asm'
No errors on assembly of 'd:\stm8\dbg1\mapping.asm'
No errors on assembly of 'd:\stm8\dbg1\mapping.asm'
No errors on assembly of 'd:\stm8\dbg1\main.asm'
No errors on assembly of 'd:\stm8\dbg1\main.asm'
No errors on assembly of 'd:\stm8\dbg1\mapping.asm'
No errors on assembly of 'd:\stm8\dbg1\mapping.asm'
No errors on assembly of 'd:\stm8\dbg1\main.asm'
No errors on assembly of 'd:\stm8\dbg1\main.asm'
No errors on assembly of 'd:\stm8\dbg1\mapping.asm'
No errors on assembly of 'd:\stm8\dbg1\mapping.asm'
No errors on assembly of 'd:\stm8\dbg1\main.asm'
No errors on assembly of 'd:\stm8\dbg1\main.asm'
No errors on assembly of 'd:\stm8\dbg1\mapping.asm'
No errors on assembly of 'd:\stm8\dbg1\mapping.asm'
d:\stm8\dbg1\main.asm(82): as1 : Error 54: Can't match Addressing mode '	LD A #$00'
d:\stm8\dbg1\main.asm(253): as1 : Error 56: unrecognised opcode '	RETI'
2 errors on assembly of 'd:\stm8\dbg1\main.asm'
d:\stm8\dbg1\main.asm(82): as1 : Error 54: Can't match Addressing mode '	LD A #$00'
d:\stm8\dbg1\main.asm(253): as1 : Error 56: unrecognised opcode '	RETI'
2 errors on assembly of 'd:\stm8\dbg1\main.asm'
d:\stm8\dbg1\main.asm(82): as1 : Error 54: Can't match Addressing mode '	LD A #$00'
1 error on assembly of 'd:\stm8\dbg1\main.asm'
d:\stm8\dbg1\main.asm(82): as1 : Error 54: Can't match Addressing mode '	LD A #$00'
1 error on assembly of 'd:\stm8\dbg1\main.asm'
No errors on assembly of 'd:\stm8\dbg1\main.asm'
No errors on assembly of 'd:\stm8\dbg1\main.asm'
No errors on assembly of 'd:\stm8\dbg1\mapping.asm'
No errors on assembly of 'd:\stm8\dbg1\mapping.asm'
No errors on assembly of 'd:\stm8\dbg1\main.asm'
No errors on assembly of 'd:\stm8\dbg1\main.asm'
No errors on assembly of 'd:\stm8\dbg1\mapping.asm'
No errors on assembly of 'd:\stm8\dbg1\mapping.asm'
No errors on assembly of 'd:\stm8\dbg1\main.asm'
No errors on assembly of 'd:\stm8\dbg1\main.asm'
No errors on assembly of 'd:\stm8\dbg1\mapping.asm'
No errors on assembly of 'd:\stm8\dbg1\mapping.asm'
No errors on assembly of 'd:\stm8\dbg1\main.asm'
No errors on assembly of 'd:\stm8\dbg1\main.asm'
No errors on assembly of 'd:\stm8\dbg1\mapping.asm'
No errors on assembly of 'd:\stm8\dbg1\mapping.asm'
No errors on assembly of 'd:\stm8\dbg1\main.asm'
No errors on assembly of 'd:\stm8\dbg1\main.asm'
No errors on assembly of 'd:\stm8\dbg1\mapping.asm'
No errors on assembly of 'd:\stm8\dbg1\mapping.asm'
No errors on assembly of 'd:\stm8\dbg1\main.asm'
No errors on assembly of 'd:\stm8\dbg1\main.asm'
No errors on assembly of 'd:\stm8\dbg1\mapping.asm'
No errors on assembly of 'd:\stm8\dbg1\mapping.asm'
d:\stm8\dbg1\main.asm(226): as1 : Error 54: Can't match Addressing mode '	LD A, (_003_compH,SP)'
1 error on assembly of 'd:\stm8\dbg1\main.asm'
d:\stm8\dbg1\main.asm(226): as1 : Error 54: Can't match Addressing mode '	LD A, (_003_compH,SP)'
d:\stm8\dbg1\main.asm(226): as2 : Error 46: Illegal undefined label '_003_compH,SP)'
2 errors on assembly of 'd:\stm8\dbg1\main.asm'
No errors on assembly of 'd:\stm8\dbg1\main.asm'
No errors on assembly of 'd:\stm8\dbg1\main.asm'
No errors on assembly of 'd:\stm8\dbg1\main.asm'
No errors on assembly of 'd:\stm8\dbg1\main.asm'
No errors on assembly of 'd:\stm8\dbg1\mapping.asm'
No errors on assembly of 'd:\stm8\dbg1\mapping.asm'
No errors on assembly of 'd:\stm8\dbg1\main.asm'
No errors on assembly of 'd:\stm8\dbg1\main.asm'
No errors on assembly of 'd:\stm8\dbg1\mapping.asm'
No errors on assembly of 'd:\stm8\dbg1\mapping.asm'
No errors on assembly of 'd:\stm8\dbg1\main.asm'
No errors on assembly of 'd:\stm8\dbg1\main.asm'
No errors on assembly of 'd:\stm8\dbg1\mapping.asm'
No errors on assembly of 'd:\stm8\dbg1\mapping.asm'
No errors on assembly of 'd:\stm8\dbg1\main.asm'
No errors on assembly of 'd:\stm8\dbg1\main.asm'
No errors on assembly of 'd:\stm8\dbg1\mapping.asm'
No errors on assembly of 'd:\stm8\dbg1\mapping.asm'
No errors on assembly of 'd:\stm8\dbg1\main.asm'
No errors on assembly of 'd:\stm8\dbg1\main.asm'
No errors on assembly of 'd:\stm8\dbg1\mapping.asm'
No errors on assembly of 'd:\stm8\dbg1\mapping.asm'
No errors on assembly of 'd:\stm8\dbg1\main.asm'
No errors on assembly of 'd:\stm8\dbg1\main.asm'
No errors on assembly of 'd:\stm8\dbg1\main.asm'
No errors on assembly of 'd:\stm8\dbg1\mapping.asm'
No errors on assembly of 'd:\stm8\dbg1\mapping.asm'
No errors on assembly of 'd:\stm8\dbg1\main.asm'
No errors on assembly of 'd:\stm8\dbg1\main.asm'
No errors on assembly of 'd:\stm8\dbg1\mapping.asm'
No errors on assembly of 'd:\stm8\dbg1\mapping.asm'
No errors on assembly of 'd:\stm8\dbg1\main.asm'
No errors on assembly of 'd:\stm8\dbg1\main.asm'
No errors on assembly of 'd:\stm8\dbg1\mapping.asm'
No errors on assembly of 'd:\stm8\dbg1\mapping.asm'
No errors on assembly of 'd:\stm8\dbg1\main.asm'
d:\stm8\dbg1\main.asm(90): as2 : Error 46: Illegal undefined label 'tim2OnePulsePwmCh2Setup'
1 error on assembly of 'd:\stm8\dbg1\main.asm'
No errors on assembly of 'd:\stm8\dbg1\main.asm'
No errors on assembly of 'd:\stm8\dbg1\main.asm'
No errors on assembly of 'd:\stm8\dbg1\mapping.asm'
No errors on assembly of 'd:\stm8\dbg1\mapping.asm'
No errors on assembly of 'd:\stm8\dbg1\main.asm'
No errors on assembly of 'd:\stm8\dbg1\main.asm'
No errors on assembly of 'd:\stm8\dbg1\mapping.asm'
No errors on assembly of 'd:\stm8\dbg1\mapping.asm'
No errors on assembly of 'd:\stm8\dbg1\main.asm'
No errors on assembly of 'd:\stm8\dbg1\main.asm'
No errors on assembly of 'd:\stm8\dbg1\mapping.asm'
No errors on assembly of 'd:\stm8\dbg1\mapping.asm'
No errors on assembly of 'd:\stm8\dbg1\main.asm'
No errors on assembly of 'd:\stm8\dbg1\main.asm'
No errors on assembly of 'd:\stm8\dbg1\main.asm'
No errors on assembly of 'd:\stm8\dbg1\mapping.asm'
No errors on assembly of 'd:\stm8\dbg1\mapping.asm'
No errors on assembly of 'd:\stm8\dbg1\main.asm'
No errors on assembly of 'd:\stm8\dbg1\main.asm'
No errors on assembly of 'd:\stm8\dbg1\mapping.asm'
No errors on assembly of 'd:\stm8\dbg1\mapping.asm'
No errors on assembly of 'd:\stm8\dbg1\main.asm'
No errors on assembly of 'd:\stm8\dbg1\main.asm'
No errors on assembly of 'd:\stm8\dbg1\mapping.asm'
No errors on assembly of 'd:\stm8\dbg1\mapping.asm'
No errors on assembly of 'd:\stm8\dbg1\main.asm'
No errors on assembly of 'd:\stm8\dbg1\main.asm'
No errors on assembly of 'd:\stm8\dbg1\mapping.asm'
No errors on assembly of 'd:\stm8\dbg1\mapping.asm'
No errors on assembly of 'd:\stm8\dbg1\main.asm'
No errors on assembly of 'd:\stm8\dbg1\main.asm'
No errors on assembly of 'd:\stm8\dbg1\mapping.asm'
No errors on assembly of 'd:\stm8\dbg1\mapping.asm'
No errors on assembly of 'd:\stm8\dbg1\main.asm'
No errors on assembly of 'd:\stm8\dbg1\main.asm'
No errors on assembly of 'd:\stm8\dbg1\mapping.asm'
No errors on assembly of 'd:\stm8\dbg1\mapping.asm'
No errors on assembly of 'd:\stm8\dbg1\main.asm'
No errors on assembly of 'd:\stm8\dbg1\main.asm'
No errors on assembly of 'd:\stm8\dbg1\mapping.asm'
No errors on assembly of 'd:\stm8\dbg1\mapping.asm'
No errors on assembly of 'd:\stm8\dbg1\main.asm'
No errors on assembly of 'd:\stm8\dbg1\main.asm'
No errors on assembly of 'd:\stm8\dbg1\mapping.asm'
No errors on assembly of 'd:\stm8\dbg1\mapping.asm'
No errors on assembly of 'd:\stm8\dbg1\main.asm'
No errors on assembly of 'd:\stm8\dbg1\main.asm'
d:\stm8\dbg1\main.asm(309): as1 : Error 54: Can't match Addressing mode '	LD $526D, #$80; MOE bit'
d:\stm8\dbg1\main.asm(378): as1 : Error 54: Can't match Addressing mode '	LD $526D, #$80; MOE bit'
d:\stm8\dbg1\main.asm(438): as1 : Error 54: Can't match Addressing mode '	LD (SP,$00), A; store'
d:\stm8\dbg1\main.asm(446): as1 : Error 54: Can't match Addressing mode '	LD $526D, #$80; MOE bit'
d:\stm8\dbg1\main.asm(515): as1 : Error 54: Can't match Addressing mode '	LD $526D, #$80; MOE bit'
5 errors on assembly of 'd:\stm8\dbg1\main.asm'
d:\stm8\dbg1\main.asm(309): as1 : Error 54: Can't match Addressing mode '	LD $526D, #$80; MOE bit'
d:\stm8\dbg1\main.asm(378): as1 : Error 54: Can't match Addressing mode '	LD $526D, #$80; MOE bit'
d:\stm8\dbg1\main.asm(438): as1 : Error 54: Can't match Addressing mode '	LD (SP,$00), A; store'
d:\stm8\dbg1\main.asm(446): as1 : Error 54: Can't match Addressing mode '	LD $526D, #$80; MOE bit'
d:\stm8\dbg1\main.asm(515): as1 : Error 54: Can't match Addressing mode '	LD $526D, #$80; MOE bit'
5 errors on assembly of 'd:\stm8\dbg1\main.asm'
d:\stm8\dbg1\main.asm(440): as1 : Error 54: Can't match Addressing mode '	LD (SP,$00), A; store'
1 error on assembly of 'd:\stm8\dbg1\main.asm'
d:\stm8\dbg1\main.asm(440): as1 : Error 54: Can't match Addressing mode '	LD (SP,$00), A; store'
1 error on assembly of 'd:\stm8\dbg1\main.asm'
No errors on assembly of 'd:\stm8\dbg1\main.asm'
No errors on assembly of 'd:\stm8\dbg1\main.asm'
No errors on assembly of 'd:\stm8\dbg1\main.asm'
No errors on assembly of 'd:\stm8\dbg1\main.asm'
No errors on assembly of 'd:\stm8\dbg1\mapping.asm'
No errors on assembly of 'd:\stm8\dbg1\mapping.asm'
No errors on assembly of 'd:\stm8\dbg1\main.asm'
No errors on assembly of 'd:\stm8\dbg1\main.asm'
No errors on assembly of 'd:\stm8\dbg1\main.asm'
No errors on assembly of 'd:\stm8\dbg1\main.asm'
No errors on assembly of 'd:\stm8\dbg1\main.asm'
No errors on assembly of 'd:\stm8\dbg1\main.asm'
No errors on assembly of 'd:\stm8\dbg1\mapping.asm'
No errors on assembly of 'd:\stm8\dbg1\mapping.asm'
No errors on assembly of 'd:\stm8\dbg1\main.asm'
No errors on assembly of 'd:\stm8\dbg1\main.asm'
No errors on assembly of 'd:\stm8\dbg1\mapping.asm'
No errors on assembly of 'd:\stm8\dbg1\mapping.asm'
No errors on assembly of 'd:\stm8\dbg1\main.asm'
No errors on assembly of 'd:\stm8\dbg1\main.asm'
No errors on assembly of 'd:\stm8\dbg1\mapping.asm'
No errors on assembly of 'd:\stm8\dbg1\mapping.asm'
No errors on assembly of 'd:\stm8\dbg1\main.asm'
No errors on assembly of 'd:\stm8\dbg1\main.asm'
No errors on assembly of 'd:\stm8\dbg1\mapping.asm'
No errors on assembly of 'd:\stm8\dbg1\mapping.asm'
No errors on assembly of 'd:\stm8\dbg1\main.asm'
No errors on assembly of 'd:\stm8\dbg1\main.asm'
No errors on assembly of 'd:\stm8\dbg1\mapping.asm'
No errors on assembly of 'd:\stm8\dbg1\mapping.asm'
No errors on assembly of 'd:\stm8\dbg1\main.asm'
No errors on assembly of 'd:\stm8\dbg1\main.asm'
No errors on assembly of 'd:\stm8\dbg1\mapping.asm'
No errors on assembly of 'd:\stm8\dbg1\mapping.asm'
No errors on assembly of 'd:\stm8\dbg1\main.asm'
d:\stm8\dbg1\main.asm(121): as2 : Error 46: Illegal undefined label 'ttim1OnePulsePwmCh3Setup'
1 error on assembly of 'd:\stm8\dbg1\main.asm'
No errors on assembly of 'd:\stm8\dbg1\main.asm'
No errors on assembly of 'd:\stm8\dbg1\main.asm'
No errors on assembly of 'd:\stm8\dbg1\mapping.asm'
No errors on assembly of 'd:\stm8\dbg1\mapping.asm'
No errors on assembly of 'd:\stm8\dbg1\main.asm'
No errors on assembly of 'd:\stm8\dbg1\main.asm'
No errors on assembly of 'd:\stm8\dbg1\mapping.asm'
No errors on assembly of 'd:\stm8\dbg1\mapping.asm'
No errors on assembly of 'd:\stm8\dbg1\main.asm'
No errors on assembly of 'd:\stm8\dbg1\main.asm'
No errors on assembly of 'd:\stm8\dbg1\mapping.asm'
No errors on assembly of 'd:\stm8\dbg1\mapping.asm'
No errors on assembly of 'd:\stm8\dbg1\main.asm'
No errors on assembly of 'd:\stm8\dbg1\main.asm'
No errors on assembly of 'd:\stm8\dbg1\mapping.asm'
No errors on assembly of 'd:\stm8\dbg1\mapping.asm'
No errors on assembly of 'd:\stm8\dbg1\main.asm'
No errors on assembly of 'd:\stm8\dbg1\main.asm'
No errors on assembly of 'd:\stm8\dbg1\main.asm'
d:\stm8\dbg1\main.asm(108): as2 : Error 46: Illegal undefined label 'tim1OnePulsePwmCh2Setup'
1 error on assembly of 'd:\stm8\dbg1\main.asm'
No errors on assembly of 'd:\stm8\dbg1\mapping.asm'
No errors on assembly of 'd:\stm8\dbg1\mapping.asm'
No errors on assembly of 'd:\stm8\dbg1\main.asm'
No errors on assembly of 'd:\stm8\dbg1\main.asm'
No errors on assembly of 'd:\stm8\dbg1\mapping.asm'
No errors on assembly of 'd:\stm8\dbg1\mapping.asm'
No errors on assembly of 'd:\stm8\dbg1\main.asm'
No errors on assembly of 'd:\stm8\dbg1\main.asm'
No errors on assembly of 'd:\stm8\dbg1\main.asm'
No errors on assembly of 'd:\stm8\dbg1\main.asm'
No errors on assembly of 'd:\stm8\dbg1\main.asm'
No errors on assembly of 'd:\stm8\dbg1\mapping.asm'
No errors on assembly of 'd:\stm8\dbg1\mapping.asm'
No errors on assembly of 'd:\stm8\dbg1\main.asm'
No errors on assembly of 'd:\stm8\dbg1\main.asm'
No errors on assembly of 'd:\stm8\dbg1\mapping.asm'
No errors on assembly of 'd:\stm8\dbg1\mapping.asm'
No errors on assembly of 'd:\stm8\dbg1\main.asm'
No errors on assembly of 'd:\stm8\dbg1\main.asm'
No errors on assembly of 'd:\stm8\dbg1\mapping.asm'
No errors on assembly of 'd:\stm8\dbg1\mapping.asm'
No errors on assembly of 'd:\stm8\dbg1\main.asm'
No errors on assembly of 'd:\stm8\dbg1\main.asm'
No errors on assembly of 'd:\stm8\dbg1\main.asm'
No errors on assembly of 'd:\stm8\dbg1\main.asm'
No errors on assembly of 'd:\stm8\dbg1\main.asm'
No errors on assembly of 'd:\stm8\dbg1\mapping.asm'
No errors on assembly of 'd:\stm8\dbg1\mapping.asm'
No errors on assembly of 'd:\stm8\dbg1\main.asm'
No errors on assembly of 'd:\stm8\dbg1\main.asm'
No errors on assembly of 'd:\stm8\dbg1\mapping.asm'
No errors on assembly of 'd:\stm8\dbg1\mapping.asm'
No errors on assembly of 'd:\stm8\dbg1\main.asm'
No errors on assembly of 'd:\stm8\dbg1\main.asm'
No errors on assembly of 'd:\stm8\dbg1\main.asm'
No errors on assembly of 'd:\stm8\dbg1\mapping.asm'
No errors on assembly of 'd:\stm8\dbg1\mapping.asm'
No errors on assembly of 'd:\stm8\dbg1\main.asm'
No errors on assembly of 'd:\stm8\dbg1\main.asm'
No errors on assembly of 'd:\stm8\dbg1\mapping.asm'
No errors on assembly of 'd:\stm8\dbg1\mapping.asm'
No errors on assembly of 'd:\stm8\dbg1\main.asm'
No errors on assembly of 'd:\stm8\dbg1\main.asm'
No errors on assembly of 'd:\stm8\dbg1\mapping.asm'
No errors on assembly of 'd:\stm8\dbg1\mapping.asm'
No errors on assembly of 'd:\stm8\dbg1\main.asm'
No errors on assembly of 'd:\stm8\dbg1\main.asm'
No errors on assembly of 'd:\stm8\dbg1\mapping.asm'
No errors on assembly of 'd:\stm8\dbg1\mapping.asm'
No errors on assembly of 'd:\stm8\dbg1\main.asm'
d:\stm8\dbg1\main.asm(94): as2 : Error 46: Illegal undefined label 'tim2OutputCompareCh1Setup'
d:\stm8\dbg1\main.asm(109): as2 : Error 46: Illegal undefined label 'tim2OutputCompareCh2Setup'
d:\stm8\dbg1\main.asm(124): as2 : Error 46: Illegal undefined label 'tim2OutputCompareCh3Setup'
3 errors on assembly of 'd:\stm8\dbg1\main.asm'
No errors on assembly of 'd:\stm8\dbg1\main.asm'
No errors on assembly of 'd:\stm8\dbg1\main.asm'
No errors on assembly of 'd:\stm8\dbg1\mapping.asm'
No errors on assembly of 'd:\stm8\dbg1\mapping.asm'
No errors on assembly of 'd:\stm8\dbg1\main.asm'
No errors on assembly of 'd:\stm8\dbg1\main.asm'
No errors on assembly of 'd:\stm8\dbg1\mapping.asm'
No errors on assembly of 'd:\stm8\dbg1\mapping.asm'
No errors on assembly of 'd:\stm8\dbg1\main.asm'
No errors on assembly of 'd:\stm8\dbg1\main.asm'
No errors on assembly of 'd:\stm8\dbg1\main.asm'
No errors on assembly of 'd:\stm8\dbg1\main.asm'
No errors on assembly of 'd:\stm8\dbg1\mapping.asm'
No errors on assembly of 'd:\stm8\dbg1\mapping.asm'
d:\stm8\dbg1\main.asm(225): as1 : Error 54: Can't match Addressing mode '	LD A, (#$05,SP)'
d:\stm8\dbg1\main.asm(228): as1 : Error 54: Can't match Addressing mode '	LD A,(#$06,SP)'
d:\stm8\dbg1\main.asm(232): as1 : Error 54: Can't match Addressing mode '	LD A,(#$06,SP)'
d:\stm8\dbg1\main.asm(236): as1 : Error 54: Can't match Addressing mode '	LD A, (#$07,SP)'
d:\stm8\dbg1\main.asm(240): as1 : Error 54: Can't match Addressing mode '  LD A, (#$08,SP)'
d:\stm8\dbg1\main.asm(242): as1 : Error 54: Can't match Addressing mode '  LD A, (#$09,SP)'
6 errors on assembly of 'd:\stm8\dbg1\main.asm'
d:\stm8\dbg1\main.asm(225): as1 : Error 54: Can't match Addressing mode '	LD A, (#$05,SP)'
d:\stm8\dbg1\main.asm(228): as1 : Error 54: Can't match Addressing mode '	LD A,(#$06,SP)'
d:\stm8\dbg1\main.asm(232): as1 : Error 54: Can't match Addressing mode '	LD A,(#$06,SP)'
d:\stm8\dbg1\main.asm(236): as1 : Error 54: Can't match Addressing mode '	LD A, (#$07,SP)'
d:\stm8\dbg1\main.asm(240): as1 : Error 54: Can't match Addressing mode '  LD A, (#$08,SP)'
d:\stm8\dbg1\main.asm(242): as1 : Error 54: Can't match Addressing mode '  LD A, (#$09,SP)'
d:\stm8\dbg1\main.asm(90): as2 : Error 46: Illegal undefined label 'tim1EncoderSetup'
7 errors on assembly of 'd:\stm8\dbg1\main.asm'
d:\stm8\dbg1\main.asm(225): as1 : Error 54: Can't match Addressing mode '	LD A, (#$05,SP)'
d:\stm8\dbg1\main.asm(228): as1 : Error 54: Can't match Addressing mode '	LD A,(#$06,SP)'
d:\stm8\dbg1\main.asm(232): as1 : Error 54: Can't match Addressing mode '	LD A,(#$06,SP)'
d:\stm8\dbg1\main.asm(236): as1 : Error 54: Can't match Addressing mode '	LD A, (#$07,SP)'
d:\stm8\dbg1\main.asm(240): as1 : Error 54: Can't match Addressing mode '  LD A, (#$08,SP)'
d:\stm8\dbg1\main.asm(242): as1 : Error 54: Can't match Addressing mode '  LD A, (#$09,SP)'
6 errors on assembly of 'd:\stm8\dbg1\main.asm'
d:\stm8\dbg1\main.asm(225): as1 : Error 54: Can't match Addressing mode '	LD A, (#$05,SP)'
d:\stm8\dbg1\main.asm(228): as1 : Error 54: Can't match Addressing mode '	LD A,(#$06,SP)'
d:\stm8\dbg1\main.asm(232): as1 : Error 54: Can't match Addressing mode '	LD A,(#$06,SP)'
d:\stm8\dbg1\main.asm(236): as1 : Error 54: Can't match Addressing mode '	LD A, (#$07,SP)'
d:\stm8\dbg1\main.asm(240): as1 : Error 54: Can't match Addressing mode '  LD A, (#$08,SP)'
d:\stm8\dbg1\main.asm(242): as1 : Error 54: Can't match Addressing mode '  LD A, (#$09,SP)'
d:\stm8\dbg1\main.asm(90): as2 : Error 46: Illegal undefined label 'tim1EncoderSetup'
7 errors on assembly of 'd:\stm8\dbg1\main.asm'
d:\stm8\dbg1\main.asm(226): as1 : Error 54: Can't match Addressing mode '	LD A, (#$05,SP)'
d:\stm8\dbg1\main.asm(229): as1 : Error 54: Can't match Addressing mode '	LD A,(#$06,SP)'
d:\stm8\dbg1\main.asm(233): as1 : Error 54: Can't match Addressing mode '	LD A,(#$06,SP)'
d:\stm8\dbg1\main.asm(237): as1 : Error 54: Can't match Addressing mode '	LD A, (#$07,SP)'
d:\stm8\dbg1\main.asm(241): as1 : Error 54: Can't match Addressing mode '  LD A, (#$08,SP)'
d:\stm8\dbg1\main.asm(243): as1 : Error 54: Can't match Addressing mode '  LD A, (#$09,SP)'
6 errors on assembly of 'd:\stm8\dbg1\main.asm'
d:\stm8\dbg1\main.asm(226): as1 : Error 54: Can't match Addressing mode '	LD A, (#$05,SP)'
d:\stm8\dbg1\main.asm(229): as1 : Error 54: Can't match Addressing mode '	LD A,(#$06,SP)'
d:\stm8\dbg1\main.asm(233): as1 : Error 54: Can't match Addressing mode '	LD A,(#$06,SP)'
d:\stm8\dbg1\main.asm(237): as1 : Error 54: Can't match Addressing mode '	LD A, (#$07,SP)'
d:\stm8\dbg1\main.asm(241): as1 : Error 54: Can't match Addressing mode '  LD A, (#$08,SP)'
d:\stm8\dbg1\main.asm(243): as1 : Error 54: Can't match Addressing mode '  LD A, (#$09,SP)'
6 errors on assembly of 'd:\stm8\dbg1\main.asm'
d:\stm8\dbg1\main.asm(226): as1 : Error 54: Can't match Addressing mode '	LD A, (#$05,SP)'
d:\stm8\dbg1\main.asm(229): as1 : Error 54: Can't match Addressing mode '	LD A,(#$06,SP)'
d:\stm8\dbg1\main.asm(233): as1 : Error 54: Can't match Addressing mode '	LD A,(#$06,SP)'
d:\stm8\dbg1\main.asm(237): as1 : Error 54: Can't match Addressing mode '	LD A, (#$07,SP)'
d:\stm8\dbg1\main.asm(241): as1 : Error 54: Can't match Addressing mode '  LD A, (#$08,SP)'
d:\stm8\dbg1\main.asm(243): as1 : Error 54: Can't match Addressing mode '  LD A, (#$09,SP)'
6 errors on assembly of 'd:\stm8\dbg1\main.asm'
d:\stm8\dbg1\main.asm(226): as1 : Error 54: Can't match Addressing mode '	LD A, (#$05,SP)'
d:\stm8\dbg1\main.asm(229): as1 : Error 54: Can't match Addressing mode '	LD A,(#$06,SP)'
d:\stm8\dbg1\main.asm(233): as1 : Error 54: Can't match Addressing mode '	LD A,(#$06,SP)'
d:\stm8\dbg1\main.asm(237): as1 : Error 54: Can't match Addressing mode '	LD A, (#$07,SP)'
d:\stm8\dbg1\main.asm(241): as1 : Error 54: Can't match Addressing mode '  LD A, (#$08,SP)'
d:\stm8\dbg1\main.asm(243): as1 : Error 54: Can't match Addressing mode '  LD A, (#$09,SP)'
6 errors on assembly of 'd:\stm8\dbg1\main.asm'
No errors on assembly of 'd:\stm8\dbg1\main.asm'
No errors on assembly of 'd:\stm8\dbg1\main.asm'
No errors on assembly of 'd:\stm8\dbg1\mapping.asm'
No errors on assembly of 'd:\stm8\dbg1\mapping.asm'
No errors on assembly of 'd:\stm8\dbg1\main.asm'
No errors on assembly of 'd:\stm8\dbg1\main.asm'
No errors on assembly of 'd:\stm8\dbg1\mapping.asm'
No errors on assembly of 'd:\stm8\dbg1\mapping.asm'
d:\stm8\dbg1\main.asm(82): as1 : Error 54: Can't match Addressing mode ' 	LDW A, #$00;@presc  t'
d:\stm8\dbg1\main.asm(217): as1 : Error 54: Can't match Addressing mode '	DECW SP, #$01'
d:\stm8\dbg1\main.asm(223): as1 : Error 54: Can't match Addressing mode '	LD A, ($06, SP)'
d:\stm8\dbg1\main.asm(224): as1 : Error 54: Can't match Addressing mode '	OR A, ($07, SP)'
d:\stm8\dbg1\main.asm(231): as1 : Error 54: Can't match Addressing mode '	LD (_007_v1a, SP), A'
d:\stm8\dbg1\main.asm(233): as1 : Error 54: Can't match Addressing mode '	LD A, ($05, SP)'
d:\stm8\dbg1\main.asm(235): as1 : Error 54: Can't match Addressing mode '	OR A, (_007_v1a, SP)'
d:\stm8\dbg1\main.asm(246): as1 : Error 54: Can't match Addressing mode '	INCW SP, #$01'
8 errors on assembly of 'd:\stm8\dbg1\main.asm'
d:\stm8\dbg1\main.asm(82): as1 : Error 54: Can't match Addressing mode ' 	LDW A, #$00;@presc  t'
d:\stm8\dbg1\main.asm(217): as1 : Error 54: Can't match Addressing mode '	DECW SP, #$01'
d:\stm8\dbg1\main.asm(223): as1 : Error 54: Can't match Addressing mode '	LD A, ($06, SP)'
d:\stm8\dbg1\main.asm(224): as1 : Error 54: Can't match Addressing mode '	OR A, ($07, SP)'
d:\stm8\dbg1\main.asm(231): as1 : Error 54: Can't match Addressing mode '	LD (_007_v1a, SP), A'
d:\stm8\dbg1\main.asm(233): as1 : Error 54: Can't match Addressing mode '	LD A, ($05, SP)'
d:\stm8\dbg1\main.asm(235): as1 : Error 54: Can't match Addressing mode '	OR A, (_007_v1a, SP)'
d:\stm8\dbg1\main.asm(246): as1 : Error 54: Can't match Addressing mode '	INCW SP, #$01'
d:\stm8\dbg1\main.asm(231): as2 : Error 46: Illegal undefined label '_007_v1a, SP), A'
d:\stm8\dbg1\main.asm(235): as2 : Error 46: Illegal undefined label '_007_v1a, SP)'
10 errors on assembly of 'd:\stm8\dbg1\main.asm'
No errors on assembly of 'd:\stm8\dbg1\mapping.asm'
No errors on assembly of 'd:\stm8\dbg1\mapping.asm'
d:\stm8\dbg1\main.asm(82): as1 : Error 54: Can't match Addressing mode ' 	LDW A, #$00;@presc  t'
d:\stm8\dbg1\main.asm(217): as1 : Error 54: Can't match Addressing mode '	DECW SP, #$01'
d:\stm8\dbg1\main.asm(223): as1 : Error 54: Can't match Addressing mode '	LD A, ($06, SP)'
d:\stm8\dbg1\main.asm(224): as1 : Error 54: Can't match Addressing mode '	OR A, ($07, SP)'
d:\stm8\dbg1\main.asm(231): as1 : Error 54: Can't match Addressing mode '	LD ($00, SP), A'
d:\stm8\dbg1\main.asm(233): as1 : Error 54: Can't match Addressing mode '	LD A, ($05, SP)'
d:\stm8\dbg1\main.asm(235): as1 : Error 54: Can't match Addressing mode '	OR A, ($00, SP)'
d:\stm8\dbg1\main.asm(246): as1 : Error 54: Can't match Addressing mode '	INCW SP, #$01'
8 errors on assembly of 'd:\stm8\dbg1\main.asm'
d:\stm8\dbg1\main.asm(82): as1 : Error 54: Can't match Addressing mode ' 	LDW A, #$00;@presc  t'
d:\stm8\dbg1\main.asm(217): as1 : Error 54: Can't match Addressing mode '	DECW SP, #$01'
d:\stm8\dbg1\main.asm(223): as1 : Error 54: Can't match Addressing mode '	LD A, ($06, SP)'
d:\stm8\dbg1\main.asm(224): as1 : Error 54: Can't match Addressing mode '	OR A, ($07, SP)'
d:\stm8\dbg1\main.asm(231): as1 : Error 54: Can't match Addressing mode '	LD ($00, SP), A'
d:\stm8\dbg1\main.asm(233): as1 : Error 54: Can't match Addressing mode '	LD A, ($05, SP)'
d:\stm8\dbg1\main.asm(235): as1 : Error 54: Can't match Addressing mode '	OR A, ($00, SP)'
d:\stm8\dbg1\main.asm(246): as1 : Error 54: Can't match Addressing mode '	INCW SP, #$01'
8 errors on assembly of 'd:\stm8\dbg1\main.asm'
d:\stm8\dbg1\main.asm(82): as1 : Error 54: Can't match Addressing mode ' 	LDW A, #$00;@presc  t'
d:\stm8\dbg1\main.asm(217): as1 : Error 54: Can't match Addressing mode '	DECW SP, #$01'
d:\stm8\dbg1\main.asm(223): as1 : Error 54: Can't match Addressing mode '	LD A, ($06, SP)'
d:\stm8\dbg1\main.asm(224): as1 : Error 54: Can't match Addressing mode '	OR A, ($07, SP)'
d:\stm8\dbg1\main.asm(231): as1 : Error 54: Can't match Addressing mode '	LD ($00, SP), A'
d:\stm8\dbg1\main.asm(233): as1 : Error 54: Can't match Addressing mode '	LD A, ($05, SP)'
d:\stm8\dbg1\main.asm(235): as1 : Error 54: Can't match Addressing mode '	OR A, ($00, SP)'
d:\stm8\dbg1\main.asm(246): as1 : Error 54: Can't match Addressing mode '	INCW SP, #$0001'
8 errors on assembly of 'd:\stm8\dbg1\main.asm'
d:\stm8\dbg1\main.asm(82): as1 : Error 54: Can't match Addressing mode ' 	LDW A, #$00;@presc  t'
d:\stm8\dbg1\main.asm(217): as1 : Error 54: Can't match Addressing mode '	DECW SP, #$01'
d:\stm8\dbg1\main.asm(223): as1 : Error 54: Can't match Addressing mode '	LD A, ($06, SP)'
d:\stm8\dbg1\main.asm(224): as1 : Error 54: Can't match Addressing mode '	OR A, ($07, SP)'
d:\stm8\dbg1\main.asm(231): as1 : Error 54: Can't match Addressing mode '	LD ($00, SP), A'
d:\stm8\dbg1\main.asm(233): as1 : Error 54: Can't match Addressing mode '	LD A, ($05, SP)'
d:\stm8\dbg1\main.asm(235): as1 : Error 54: Can't match Addressing mode '	OR A, ($00, SP)'
d:\stm8\dbg1\main.asm(246): as1 : Error 54: Can't match Addressing mode '	INCW SP, #$0001'
8 errors on assembly of 'd:\stm8\dbg1\main.asm'
d:\stm8\dbg1\main.asm(82): as1 : Error 54: Can't match Addressing mode ' 	LDW A, #$00;@presc  t'
d:\stm8\dbg1\main.asm(217): as1 : Error 54: Can't match Addressing mode '	DECW SP, #$01'
d:\stm8\dbg1\main.asm(223): as1 : Error 54: Can't match Addressing mode '	LD A, ($06, SP)'
d:\stm8\dbg1\main.asm(224): as1 : Error 54: Can't match Addressing mode '	OR A, ($07, SP)'
d:\stm8\dbg1\main.asm(231): as1 : Error 54: Can't match Addressing mode '	LD ($00, SP), A'
d:\stm8\dbg1\main.asm(233): as1 : Error 54: Can't match Addressing mode '	LD A, ($05, SP)'
d:\stm8\dbg1\main.asm(235): as1 : Error 54: Can't match Addressing mode '	OR A, ($00, SP)'
7 errors on assembly of 'd:\stm8\dbg1\main.asm'
d:\stm8\dbg1\main.asm(82): as1 : Error 54: Can't match Addressing mode ' 	LDW A, #$00;@presc  t'
d:\stm8\dbg1\main.asm(217): as1 : Error 54: Can't match Addressing mode '	DECW SP, #$01'
d:\stm8\dbg1\main.asm(223): as1 : Error 54: Can't match Addressing mode '	LD A, ($06, SP)'
d:\stm8\dbg1\main.asm(224): as1 : Error 54: Can't match Addressing mode '	OR A, ($07, SP)'
d:\stm8\dbg1\main.asm(231): as1 : Error 54: Can't match Addressing mode '	LD ($00, SP), A'
d:\stm8\dbg1\main.asm(233): as1 : Error 54: Can't match Addressing mode '	LD A, ($05, SP)'
d:\stm8\dbg1\main.asm(235): as1 : Error 54: Can't match Addressing mode '	OR A, ($00, SP)'
7 errors on assembly of 'd:\stm8\dbg1\main.asm'
d:\stm8\dbg1\main.asm(82): as1 : Error 54: Can't match Addressing mode ' 	LDW A, #$00;@presc  t'
d:\stm8\dbg1\main.asm(217): as1 : Error 54: Can't match Addressing mode '	DECW SP, #$01'
d:\stm8\dbg1\main.asm(223): as1 : Error 54: Can't match Addressing mode '	LD A, ($06, SP)'
d:\stm8\dbg1\main.asm(224): as1 : Error 54: Can't match Addressing mode '	OR A, ($07, SP)'
d:\stm8\dbg1\main.asm(231): as1 : Error 54: Can't match Addressing mode '	LD ($00, SP), A'
d:\stm8\dbg1\main.asm(233): as1 : Error 54: Can't match Addressing mode '	LD A, ($05, SP)'
d:\stm8\dbg1\main.asm(235): as1 : Error 54: Can't match Addressing mode '	OR A, ($01, SP)'
7 errors on assembly of 'd:\stm8\dbg1\main.asm'
d:\stm8\dbg1\main.asm(82): as1 : Error 54: Can't match Addressing mode ' 	LDW A, #$00;@presc  t'
d:\stm8\dbg1\main.asm(217): as1 : Error 54: Can't match Addressing mode '	DECW SP, #$01'
d:\stm8\dbg1\main.asm(223): as1 : Error 54: Can't match Addressing mode '	LD A, ($06, SP)'
d:\stm8\dbg1\main.asm(224): as1 : Error 54: Can't match Addressing mode '	OR A, ($07, SP)'
d:\stm8\dbg1\main.asm(231): as1 : Error 54: Can't match Addressing mode '	LD ($00, SP), A'
d:\stm8\dbg1\main.asm(233): as1 : Error 54: Can't match Addressing mode '	LD A, ($05, SP)'
d:\stm8\dbg1\main.asm(235): as1 : Error 54: Can't match Addressing mode '	OR A, ($01, SP)'
7 errors on assembly of 'd:\stm8\dbg1\main.asm'
d:\stm8\dbg1\main.asm(82): as1 : Error 54: Can't match Addressing mode ' 	LDW A, #$00;@presc  t'
d:\stm8\dbg1\main.asm(217): as1 : Error 54: Can't match Addressing mode '	DECW SP, #$01'
d:\stm8\dbg1\main.asm(223): as1 : Error 54: Can't match Addressing mode '	LD A, ($06, SP)'
d:\stm8\dbg1\main.asm(224): as1 : Error 54: Can't match Addressing mode '	OR A, ($07, SP)'
d:\stm8\dbg1\main.asm(231): as1 : Error 54: Can't match Addressing mode '	LD ($00, SP), A'
d:\stm8\dbg1\main.asm(233): as1 : Error 54: Can't match Addressing mode '	LD A, ($05, SP)'
6 errors on assembly of 'd:\stm8\dbg1\main.asm'
d:\stm8\dbg1\main.asm(82): as1 : Error 54: Can't match Addressing mode ' 	LDW A, #$00;@presc  t'
d:\stm8\dbg1\main.asm(217): as1 : Error 54: Can't match Addressing mode '	DECW SP, #$01'
d:\stm8\dbg1\main.asm(223): as1 : Error 54: Can't match Addressing mode '	LD A, ($06, SP)'
d:\stm8\dbg1\main.asm(224): as1 : Error 54: Can't match Addressing mode '	OR A, ($07, SP)'
d:\stm8\dbg1\main.asm(231): as1 : Error 54: Can't match Addressing mode '	LD ($00, SP), A'
d:\stm8\dbg1\main.asm(233): as1 : Error 54: Can't match Addressing mode '	LD A, ($05, SP)'
6 errors on assembly of 'd:\stm8\dbg1\main.asm'
d:\stm8\dbg1\main.asm(82): as1 : Error 54: Can't match Addressing mode ' 	LDW A, #$00;@presc  t'
d:\stm8\dbg1\main.asm(217): as1 : Error 54: Can't match Addressing mode '	DECW SP, #$01'
d:\stm8\dbg1\main.asm(223): as1 : Error 54: Can't match Addressing mode '	LD A, ($06, SP)'
d:\stm8\dbg1\main.asm(224): as1 : Error 54: Can't match Addressing mode '	OR A, ($07, SP)'
d:\stm8\dbg1\main.asm(231): as1 : Error 54: Can't match Addressing mode '	LD ($00, SP), A'
5 errors on assembly of 'd:\stm8\dbg1\main.asm'
d:\stm8\dbg1\main.asm(82): as1 : Error 54: Can't match Addressing mode ' 	LDW A, #$00;@presc  t'
d:\stm8\dbg1\main.asm(217): as1 : Error 54: Can't match Addressing mode '	DECW SP, #$01'
d:\stm8\dbg1\main.asm(223): as1 : Error 54: Can't match Addressing mode '	LD A, ($06, SP)'
d:\stm8\dbg1\main.asm(224): as1 : Error 54: Can't match Addressing mode '	OR A, ($07, SP)'
d:\stm8\dbg1\main.asm(231): as1 : Error 54: Can't match Addressing mode '	LD ($00, SP), A'
5 errors on assembly of 'd:\stm8\dbg1\main.asm'
d:\stm8\dbg1\main.asm(82): as1 : Error 54: Can't match Addressing mode ' 	LDW A, #$00;@presc  t'
d:\stm8\dbg1\main.asm(217): as1 : Error 54: Can't match Addressing mode '	DECW SP, #$01'
d:\stm8\dbg1\main.asm(223): as1 : Error 54: Can't match Addressing mode '	LD A, ($06, SP)'
d:\stm8\dbg1\main.asm(224): as1 : Error 54: Can't match Addressing mode '	OR A, ($07, SP)'
4 errors on assembly of 'd:\stm8\dbg1\main.asm'
d:\stm8\dbg1\main.asm(82): as1 : Error 54: Can't match Addressing mode ' 	LDW A, #$00;@presc  t'
d:\stm8\dbg1\main.asm(217): as1 : Error 54: Can't match Addressing mode '	DECW SP, #$01'
d:\stm8\dbg1\main.asm(223): as1 : Error 54: Can't match Addressing mode '	LD A, ($06, SP)'
d:\stm8\dbg1\main.asm(224): as1 : Error 54: Can't match Addressing mode '	OR A, ($07, SP)'
4 errors on assembly of 'd:\stm8\dbg1\main.asm'
d:\stm8\dbg1\main.asm(82): as1 : Error 54: Can't match Addressing mode ' 	LDW A, #$00;@presc  t'
d:\stm8\dbg1\main.asm(217): as1 : Error 54: Can't match Addressing mode '	DECW SP, #$01'
2 errors on assembly of 'd:\stm8\dbg1\main.asm'
d:\stm8\dbg1\main.asm(82): as1 : Error 54: Can't match Addressing mode ' 	LDW A, #$00;@presc  t'
d:\stm8\dbg1\main.asm(217): as1 : Error 54: Can't match Addressing mode '	DECW SP, #$01'
2 errors on assembly of 'd:\stm8\dbg1\main.asm'
d:\stm8\dbg1\main.asm(82): as1 : Error 54: Can't match Addressing mode ' 	LDW A, #$00;@presc  t'
1 error on assembly of 'd:\stm8\dbg1\main.asm'
d:\stm8\dbg1\main.asm(82): as1 : Error 54: Can't match Addressing mode ' 	LDW A, #$00;@presc  t'
1 error on assembly of 'd:\stm8\dbg1\main.asm'
No errors on assembly of 'd:\stm8\dbg1\main.asm'
No errors on assembly of 'd:\stm8\dbg1\main.asm'
No errors on assembly of 'd:\stm8\dbg1\mapping.asm'
No errors on assembly of 'd:\stm8\dbg1\mapping.asm'
No errors on assembly of 'd:\stm8\dbg1\main.asm'
No errors on assembly of 'd:\stm8\dbg1\main.asm'
No errors on assembly of 'd:\stm8\dbg1\mapping.asm'
No errors on assembly of 'd:\stm8\dbg1\mapping.asm'
No errors on assembly of 'd:\stm8\dbg1\main.asm'
No errors on assembly of 'd:\stm8\dbg1\main.asm'
No errors on assembly of 'd:\stm8\dbg1\mapping.asm'
No errors on assembly of 'd:\stm8\dbg1\mapping.asm'
No errors on assembly of 'd:\stm8\dbg1\main.asm'
No errors on assembly of 'd:\stm8\dbg1\main.asm'
No errors on assembly of 'd:\stm8\dbg1\mapping.asm'
No errors on assembly of 'd:\stm8\dbg1\mapping.asm'
No errors on assembly of 'd:\stm8\dbg1\main.asm'
No errors on assembly of 'd:\stm8\dbg1\main.asm'
No errors on assembly of 'd:\stm8\dbg1\mapping.asm'
No errors on assembly of 'd:\stm8\dbg1\mapping.asm'
No errors on assembly of 'd:\stm8\dbg1\main.asm'
No errors on assembly of 'd:\stm8\dbg1\main.asm'
No errors on assembly of 'd:\stm8\dbg1\main.asm'
No errors on assembly of 'd:\stm8\dbg1\main.asm'
No errors on assembly of 'd:\stm8\dbg1\mapping.asm'
No errors on assembly of 'd:\stm8\dbg1\mapping.asm'
No errors on assembly of 'd:\stm8\dbg1\main.asm'
No errors on assembly of 'd:\stm8\dbg1\main.asm'
d:\stm8\dbg1\main.asm(95): as1 : Error 54: Can't match Addressing mode '	LD XH, $5265'
1 error on assembly of 'd:\stm8\dbg1\main.asm'
d:\stm8\dbg1\main.asm(95): as1 : Error 54: Can't match Addressing mode '	LD XH, $5265'
1 error on assembly of 'd:\stm8\dbg1\main.asm'
d:\stm8\dbg1\main.asm(95): as1 : Error 54: Can't match Addressing mode '	LD XL, $5265'
1 error on assembly of 'd:\stm8\dbg1\main.asm'
d:\stm8\dbg1\main.asm(95): as1 : Error 54: Can't match Addressing mode '	LD XL, $5265'
1 error on assembly of 'd:\stm8\dbg1\main.asm'
No errors on assembly of 'd:\stm8\dbg1\main.asm'
No errors on assembly of 'd:\stm8\dbg1\main.asm'
No errors on assembly of 'd:\stm8\dbg1\main.asm'
No errors on assembly of 'd:\stm8\dbg1\main.asm'
No errors on assembly of 'd:\stm8\dbg1\main.asm'
No errors on assembly of 'd:\stm8\dbg1\main.asm'
No errors on assembly of 'd:\stm8\dbg1\mapping.asm'
No errors on assembly of 'd:\stm8\dbg1\mapping.asm'
No errors on assembly of 'd:\stm8\dbg1\main.asm'
No errors on assembly of 'd:\stm8\dbg1\main.asm'
d:\stm8\dbg1\main.asm(95): as1 : Error 54: Can't match Addressing mode '	LD XL, $5265'
1 error on assembly of 'd:\stm8\dbg1\main.asm'
d:\stm8\dbg1\main.asm(95): as1 : Error 54: Can't match Addressing mode '	LD XL, $5265'
1 error on assembly of 'd:\stm8\dbg1\main.asm'
d:\stm8\dbg1\main.asm(95): as1 : Error 54: Can't match Addressing mode '	LD LX, $5265'
1 error on assembly of 'd:\stm8\dbg1\main.asm'
d:\stm8\dbg1\main.asm(95): as1 : Error 54: Can't match Addressing mode '	LD LX, $5265'
d:\stm8\dbg1\main.asm(95): as2 : Error 46: Illegal undefined label 'LX, $5265'
2 errors on assembly of 'd:\stm8\dbg1\main.asm'
No errors on assembly of 'd:\stm8\dbg1\main.asm'
No errors on assembly of 'd:\stm8\dbg1\main.asm'
No errors on assembly of 'd:\stm8\dbg1\main.asm'
No errors on assembly of 'd:\stm8\dbg1\mapping.asm'
No errors on assembly of 'd:\stm8\dbg1\mapping.asm'
No errors on assembly of 'd:\stm8\dbg1\main.asm'
No errors on assembly of 'd:\stm8\dbg1\main.asm'
No errors on assembly of 'd:\stm8\dbg1\mapping.asm'
No errors on assembly of 'd:\stm8\dbg1\mapping.asm'
No errors on assembly of 'd:\stm8\dbg1\main.asm'
d:\stm8\dbg1\main.asm(115): as2 : Error 46: Illegal undefined label 'tim1InputCaptureCh4Setup'
1 error on assembly of 'd:\stm8\dbg1\main.asm'
No errors on assembly of 'd:\stm8\dbg1\mapping.asm'
No errors on assembly of 'd:\stm8\dbg1\mapping.asm'
No errors on assembly of 'd:\stm8\dbg1\main.asm'
d:\stm8\dbg1\main.asm(115): as2 : Error 46: Illegal undefined label 'tim1InputCaptureCh4Setup'
1 error on assembly of 'd:\stm8\dbg1\main.asm'
No errors on assembly of 'd:\stm8\dbg1\mapping.asm'
No errors on assembly of 'd:\stm8\dbg1\mapping.asm'
No errors on assembly of 'd:\stm8\dbg1\main.asm'
No errors on assembly of 'd:\stm8\dbg1\main.asm'
No errors on assembly of 'd:\stm8\dbg1\mapping.asm'
No errors on assembly of 'd:\stm8\dbg1\mapping.asm'
No errors on assembly of 'd:\stm8\dbg1\main.asm'
No errors on assembly of 'd:\stm8\dbg1\main.asm'
No errors on assembly of 'd:\stm8\dbg1\main.asm'
No errors on assembly of 'd:\stm8\dbg1\main.asm'
d:\stm8\dbg1\main.asm(230): as1 : Error 54: Can't match Addressing mode '	LD A, ($06, SP)'
d:\stm8\dbg1\main.asm(234): as1 : Error 54: Can't match Addressing mode '	LD $5348'
d:\stm8\dbg1\main.asm(264): as1 : Error 54: Can't match Addressing mode '	LD A, ($06, SP)'
d:\stm8\dbg1\main.asm(268): as1 : Error 54: Can't match Addressing mode '	LD $5348'
4 errors on assembly of 'd:\stm8\dbg1\main.asm'
d:\stm8\dbg1\main.asm(230): as1 : Error 54: Can't match Addressing mode '	LD A, ($06, SP)'
d:\stm8\dbg1\main.asm(234): as1 : Error 54: Can't match Addressing mode '	LD $5348'
d:\stm8\dbg1\main.asm(264): as1 : Error 54: Can't match Addressing mode '	LD A, ($06, SP)'
d:\stm8\dbg1\main.asm(268): as1 : Error 54: Can't match Addressing mode '	LD $5348'
4 errors on assembly of 'd:\stm8\dbg1\main.asm'
d:\stm8\dbg1\main.asm(230): as1 : Error 54: Can't match Addressing mode '	LD A, ($06, SP)'
d:\stm8\dbg1\main.asm(234): as1 : Error 54: Can't match Addressing mode '	LD $5348'
d:\stm8\dbg1\main.asm(264): as1 : Error 54: Can't match Addressing mode '	LD A, ($06, SP)'
3 errors on assembly of 'd:\stm8\dbg1\main.asm'
d:\stm8\dbg1\main.asm(230): as1 : Error 54: Can't match Addressing mode '	LD A, ($06, SP)'
d:\stm8\dbg1\main.asm(234): as1 : Error 54: Can't match Addressing mode '	LD $5348'
d:\stm8\dbg1\main.asm(264): as1 : Error 54: Can't match Addressing mode '	LD A, ($06, SP)'
3 errors on assembly of 'd:\stm8\dbg1\main.asm'
d:\stm8\dbg1\main.asm(230): as1 : Error 54: Can't match Addressing mode '	LD A, ($06, SP)'
d:\stm8\dbg1\main.asm(234): as1 : Error 54: Can't match Addressing mode '	LD $5348'
2 errors on assembly of 'd:\stm8\dbg1\main.asm'
d:\stm8\dbg1\main.asm(230): as1 : Error 54: Can't match Addressing mode '	LD A, ($06, SP)'
d:\stm8\dbg1\main.asm(234): as1 : Error 54: Can't match Addressing mode '	LD $5348'
2 errors on assembly of 'd:\stm8\dbg1\main.asm'
d:\stm8\dbg1\main.asm(230): as1 : Error 54: Can't match Addressing mode '	LD A, ($06, SP)'
1 error on assembly of 'd:\stm8\dbg1\main.asm'
d:\stm8\dbg1\main.asm(230): as1 : Error 54: Can't match Addressing mode '	LD A, ($06, SP)'
1 error on assembly of 'd:\stm8\dbg1\main.asm'
No errors on assembly of 'd:\stm8\dbg1\main.asm'
No errors on assembly of 'd:\stm8\dbg1\main.asm'
No errors on assembly of 'd:\stm8\dbg1\mapping.asm'
No errors on assembly of 'd:\stm8\dbg1\mapping.asm'
No errors on assembly of 'd:\stm8\dbg1\main.asm'
No errors on assembly of 'd:\stm8\dbg1\main.asm'
No errors on assembly of 'd:\stm8\dbg1\mapping.asm'
No errors on assembly of 'd:\stm8\dbg1\mapping.asm'
No errors on assembly of 'd:\stm8\dbg1\main.asm'
No errors on assembly of 'd:\stm8\dbg1\main.asm'
No errors on assembly of 'd:\stm8\dbg1\main.asm'
No errors on assembly of 'd:\stm8\dbg1\main.asm'
No errors on assembly of 'd:\stm8\dbg1\mapping.asm'
No errors on assembly of 'd:\stm8\dbg1\mapping.asm'
No errors on assembly of 'd:\stm8\dbg1\main.asm'
No errors on assembly of 'd:\stm8\dbg1\main.asm'
No errors on assembly of 'd:\stm8\dbg1\mapping.asm'
No errors on assembly of 'd:\stm8\dbg1\mapping.asm'
No errors on assembly of 'd:\stm8\dbg1\main.asm'
No errors on assembly of 'd:\stm8\dbg1\main.asm'
No errors on assembly of 'd:\stm8\dbg1\main.asm'
No errors on assembly of 'd:\stm8\dbg1\main.asm'
No errors on assembly of 'd:\stm8\dbg1\main.asm'
No errors on assembly of 'd:\stm8\dbg1\main.asm'
No errors on assembly of 'd:\stm8\dbg1\mapping.asm'
No errors on assembly of 'd:\stm8\dbg1\mapping.asm'
No errors on assembly of 'd:\stm8\dbg1\main.asm'
No errors on assembly of 'd:\stm8\dbg1\main.asm'
No errors on assembly of 'd:\stm8\dbg1\main.asm'
No errors on assembly of 'd:\stm8\dbg1\main.asm'
No errors on assembly of 'd:\stm8\dbg1\main.asm'
No errors on assembly of 'd:\stm8\dbg1\main.asm'
No errors on assembly of 'd:\stm8\dbg1\mapping.asm'
No errors on assembly of 'd:\stm8\dbg1\mapping.asm'
No errors on assembly of 'd:\stm8\dbg1\main.asm'
No errors on assembly of 'd:\stm8\dbg1\main.asm'
No errors on assembly of 'd:\stm8\dbg1\mapping.asm'
No errors on assembly of 'd:\stm8\dbg1\mapping.asm'
No errors on assembly of 'd:\stm8\dbg1\main.asm'
No errors on assembly of 'd:\stm8\dbg1\main.asm'
No errors on assembly of 'd:\stm8\dbg1\mapping.asm'
No errors on assembly of 'd:\stm8\dbg1\mapping.asm'
No errors on assembly of 'd:\stm8\dbg1\main.asm'
No errors on assembly of 'd:\stm8\dbg1\main.asm'
No errors on assembly of 'd:\stm8\dbg1\mapping.asm'
No errors on assembly of 'd:\stm8\dbg1\mapping.asm'
d:\stm8\dbg1\main.asm(110): as1 : Error 69: Ambiguous label name 'nop'
1 error on assembly of 'd:\stm8\dbg1\main.asm'
d:\stm8\dbg1\main.asm(110): as1 : Error 69: Ambiguous label name 'nop'
1 error on assembly of 'd:\stm8\dbg1\main.asm'
No errors on assembly of 'd:\stm8\dbg1\mapping.asm'
No errors on assembly of 'd:\stm8\dbg1\mapping.asm'
No errors on assembly of 'd:\stm8\dbg1\main.asm'
No errors on assembly of 'd:\stm8\dbg1\main.asm'
No errors on assembly of 'd:\stm8\dbg1\mapping.asm'
No errors on assembly of 'd:\stm8\dbg1\mapping.asm'
No errors on assembly of 'd:\stm8\dbg1\main.asm'
No errors on assembly of 'd:\stm8\dbg1\main.asm'
No errors on assembly of 'd:\stm8\dbg1\main.asm'
No errors on assembly of 'd:\stm8\dbg1\mapping.asm'
No errors on assembly of 'd:\stm8\dbg1\mapping.asm'
No errors on assembly of 'd:\stm8\dbg1\main.asm'
No errors on assembly of 'd:\stm8\dbg1\main.asm'
No errors on assembly of 'd:\stm8\dbg1\mapping.asm'
No errors on assembly of 'd:\stm8\dbg1\mapping.asm'
No errors on assembly of 'd:\stm8\dbg1\main.asm'
No errors on assembly of 'd:\stm8\dbg1\main.asm'
No errors on assembly of 'd:\stm8\dbg1\mapping.asm'
No errors on assembly of 'd:\stm8\dbg1\mapping.asm'
No errors on assembly of 'd:\stm8\dbg1\main.asm'
No errors on assembly of 'd:\stm8\dbg1\main.asm'
No errors on assembly of 'd:\stm8\dbg1\mapping.asm'
No errors on assembly of 'd:\stm8\dbg1\mapping.asm'
No errors on assembly of 'd:\stm8\dbg1\main.asm'
No errors on assembly of 'd:\stm8\dbg1\main.asm'
No errors on assembly of 'd:\stm8\dbg1\mapping.asm'
No errors on assembly of 'd:\stm8\dbg1\mapping.asm'
No errors on assembly of 'd:\stm8\dbg1\main.asm'
No errors on assembly of 'd:\stm8\dbg1\main.asm'
No errors on assembly of 'd:\stm8\dbg1\mapping.asm'
No errors on assembly of 'd:\stm8\dbg1\mapping.asm'
No errors on assembly of 'd:\stm8\dbg1\main.asm'
No errors on assembly of 'd:\stm8\dbg1\main.asm'
No errors on assembly of 'd:\stm8\dbg1\mapping.asm'
No errors on assembly of 'd:\stm8\dbg1\mapping.asm'
No errors on assembly of 'd:\stm8\dbg1\main.asm'
No errors on assembly of 'd:\stm8\dbg1\main.asm'
No errors on assembly of 'd:\stm8\dbg1\mapping.asm'
No errors on assembly of 'd:\stm8\dbg1\mapping.asm'
No errors on assembly of 'd:\stm8\dbg1\main.asm'
No errors on assembly of 'd:\stm8\dbg1\main.asm'
No errors on assembly of 'd:\stm8\dbg1\mapping.asm'
No errors on assembly of 'd:\stm8\dbg1\mapping.asm'
No errors on assembly of 'd:\stm8\dbg1\main.asm'
No errors on assembly of 'd:\stm8\dbg1\main.asm'
No errors on assembly of 'd:\stm8\dbg1\mapping.asm'
No errors on assembly of 'd:\stm8\dbg1\mapping.asm'
d:\stm8\dbg1\main.asm(241): as1 : Error 54: Can't match Addressing mode '	JREQ $50C1, #$01, clkSwitchToCrystal_hsi_rdy'
1 error on assembly of 'd:\stm8\dbg1\main.asm'
d:\stm8\dbg1\main.asm(241): as1 : Error 54: Can't match Addressing mode '	JREQ $50C1, #$01, clkSwitchToCrystal_hsi_rdy'
1 error on assembly of 'd:\stm8\dbg1\main.asm'
No errors on assembly of 'd:\stm8\dbg1\mapping.asm'
No errors on assembly of 'd:\stm8\dbg1\mapping.asm'
No errors on assembly of 'd:\stm8\dbg1\main.asm'
No errors on assembly of 'd:\stm8\dbg1\main.asm'
No errors on assembly of 'd:\stm8\dbg1\mapping.asm'
No errors on assembly of 'd:\stm8\dbg1\mapping.asm'
No errors on assembly of 'd:\stm8\dbg1\main.asm'
d:\stm8\dbg1\main.asm(391): as2 : Error 46: Illegal undefined label 'TIM_CCR3L, A'
1 error on assembly of 'd:\stm8\dbg1\main.asm'
No errors on assembly of 'd:\stm8\dbg1\main.asm'
No errors on assembly of 'd:\stm8\dbg1\main.asm'
No errors on assembly of 'd:\stm8\dbg1\mapping.asm'
No errors on assembly of 'd:\stm8\dbg1\mapping.asm'
No errors on assembly of 'd:\stm8\dbg1\main.asm'
No errors on assembly of 'd:\stm8\dbg1\main.asm'
No errors on assembly of 'd:\stm8\dbg1\main.asm'
No errors on assembly of 'd:\stm8\dbg1\main.asm'
No errors on assembly of 'd:\stm8\dbg1\mapping.asm'
No errors on assembly of 'd:\stm8\dbg1\mapping.asm'
No errors on assembly of 'd:\stm8\dbg1\main.asm'
No errors on assembly of 'd:\stm8\dbg1\main.asm'
No errors on assembly of 'd:\stm8\dbg1\mapping.asm'
No errors on assembly of 'd:\stm8\dbg1\mapping.asm'
No errors on assembly of 'd:\stm8\dbg1\main.asm'
No errors on assembly of 'd:\stm8\dbg1\main.asm'
No errors on assembly of 'd:\stm8\dbg1\mapping.asm'
No errors on assembly of 'd:\stm8\dbg1\mapping.asm'
No errors on assembly of 'd:\stm8\dbg1\main.asm'
No errors on assembly of 'd:\stm8\dbg1\main.asm'
No errors on assembly of 'd:\stm8\dbg1\mapping.asm'
No errors on assembly of 'd:\stm8\dbg1\mapping.asm'
No errors on assembly of 'd:\stm8\dbg1\main.asm'
No errors on assembly of 'd:\stm8\dbg1\main.asm'
No errors on assembly of 'd:\stm8\dbg1\main.asm'
No errors on assembly of 'd:\stm8\dbg1\main.asm'
No errors on assembly of 'd:\stm8\dbg1\mapping.asm'
No errors on assembly of 'd:\stm8\dbg1\mapping.asm'
No errors on assembly of 'd:\stm8\dbg1\main.asm'
No errors on assembly of 'd:\stm8\dbg1\main.asm'
No errors on assembly of 'd:\stm8\dbg1\mapping.asm'
No errors on assembly of 'd:\stm8\dbg1\mapping.asm'
No errors on assembly of 'd:\stm8\dbg1\main.asm'
No errors on assembly of 'd:\stm8\dbg1\main.asm'
No errors on assembly of 'd:\stm8\dbg1\mapping.asm'
No errors on assembly of 'd:\stm8\dbg1\mapping.asm'
No errors on assembly of 'd:\stm8\dbg1\main.asm'
No errors on assembly of 'd:\stm8\dbg1\main.asm'
No errors on assembly of 'd:\stm8\dbg1\mapping.asm'
No errors on assembly of 'd:\stm8\dbg1\mapping.asm'
No errors on assembly of 'd:\stm8\dbg1\main.asm'
No errors on assembly of 'd:\stm8\dbg1\main.asm'
No errors on assembly of 'd:\stm8\dbg1\mapping.asm'
No errors on assembly of 'd:\stm8\dbg1\mapping.asm'
No errors on assembly of 'd:\stm8\dbg1\main.asm'
No errors on assembly of 'd:\stm8\dbg1\main.asm'
No errors on assembly of 'd:\stm8\dbg1\mapping.asm'
No errors on assembly of 'd:\stm8\dbg1\mapping.asm'
No errors on assembly of 'd:\stm8\dbg1\main.asm'
No errors on assembly of 'd:\stm8\dbg1\main.asm'
No errors on assembly of 'd:\stm8\dbg1\mapping.asm'
No errors on assembly of 'd:\stm8\dbg1\mapping.asm'
No errors on assembly of 'd:\stm8\dbg1\main.asm'
No errors on assembly of 'd:\stm8\dbg1\main.asm'
No errors on assembly of 'd:\stm8\dbg1\mapping.asm'
No errors on assembly of 'd:\stm8\dbg1\mapping.asm'
No errors on assembly of 'd:\stm8\dbg1\main.asm'
No errors on assembly of 'd:\stm8\dbg1\main.asm'
No errors on assembly of 'd:\stm8\dbg1\mapping.asm'
No errors on assembly of 'd:\stm8\dbg1\mapping.asm'
No errors on assembly of 'd:\stm8\dbg1\main.asm'
No errors on assembly of 'd:\stm8\dbg1\main.asm'
No errors on assembly of 'd:\stm8\dbg1\mapping.asm'
No errors on assembly of 'd:\stm8\dbg1\mapping.asm'
No errors on assembly of 'd:\stm8\dbg1\main.asm'
d:\stm8\dbg1\main.asm(99): as2 : Error 46: Illegal undefined label 'tim1OutputPwmCh1Setup'
d:\stm8\dbg1\main.asm(113): as2 : Error 46: Illegal undefined label 'tim1OutputPwmCh2Setup'
d:\stm8\dbg1\main.asm(127): as2 : Error 46: Illegal undefined label 'tim1OutputPwmCh3Setup'
d:\stm8\dbg1\main.asm(141): as2 : Error 46: Illegal undefined label 'tim1OutputPwmCh4Setup'
4 errors on assembly of 'd:\stm8\dbg1\main.asm'
No errors on assembly of 'd:\stm8\dbg1\main.asm'
No errors on assembly of 'd:\stm8\dbg1\main.asm'
No errors on assembly of 'd:\stm8\dbg1\mapping.asm'
No errors on assembly of 'd:\stm8\dbg1\mapping.asm'
No errors on assembly of 'd:\stm8\dbg1\main.asm'
No errors on assembly of 'd:\stm8\dbg1\main.asm'
No errors on assembly of 'd:\stm8\dbg1\mapping.asm'
No errors on assembly of 'd:\stm8\dbg1\mapping.asm'
No errors on assembly of 'd:\stm8\dbg1\main.asm'
No errors on assembly of 'd:\stm8\dbg1\main.asm'
No errors on assembly of 'd:\stm8\dbg1\mapping.asm'
No errors on assembly of 'd:\stm8\dbg1\mapping.asm'
No errors on assembly of 'd:\stm8\dbg1\main.asm'
No errors on assembly of 'd:\stm8\dbg1\main.asm'
No errors on assembly of 'd:\stm8\dbg1\mapping.asm'
No errors on assembly of 'd:\stm8\dbg1\mapping.asm'
No errors on assembly of 'd:\stm8\dbg1\main.asm'
No errors on assembly of 'd:\stm8\dbg1\main.asm'
No errors on assembly of 'd:\stm8\dbg1\mapping.asm'
No errors on assembly of 'd:\stm8\dbg1\mapping.asm'
No errors on assembly of 'd:\stm8\dbg1\main.asm'
No errors on assembly of 'd:\stm8\dbg1\main.asm'
No errors on assembly of 'd:\stm8\dbg1\mapping.asm'
No errors on assembly of 'd:\stm8\dbg1\mapping.asm'
No errors on assembly of 'd:\stm8\dbg1\main.asm'
No errors on assembly of 'd:\stm8\dbg1\main.asm'
No errors on assembly of 'd:\stm8\dbg1\mapping.asm'
No errors on assembly of 'd:\stm8\dbg1\mapping.asm'
No errors on assembly of 'd:\stm8\dbg1\main.asm'
No errors on assembly of 'd:\stm8\dbg1\main.asm'
No errors on assembly of 'd:\stm8\dbg1\mapping.asm'
No errors on assembly of 'd:\stm8\dbg1\mapping.asm'
No errors on assembly of 'd:\stm8\dbg1\main.asm'
No errors on assembly of 'd:\stm8\dbg1\main.asm'
No errors on assembly of 'd:\stm8\dbg1\mapping.asm'
No errors on assembly of 'd:\stm8\dbg1\mapping.asm'
No errors on assembly of 'd:\stm8\dbg1\main.asm'
No errors on assembly of 'd:\stm8\dbg1\main.asm'
No errors on assembly of 'd:\stm8\dbg1\mapping.asm'
No errors on assembly of 'd:\stm8\dbg1\mapping.asm'
No errors on assembly of 'd:\stm8\dbg1\main.asm'
No errors on assembly of 'd:\stm8\dbg1\main.asm'
No errors on assembly of 'd:\stm8\dbg1\mapping.asm'
No errors on assembly of 'd:\stm8\dbg1\mapping.asm'
No errors on assembly of 'd:\stm8\dbg1\main.asm'
No errors on assembly of 'd:\stm8\dbg1\main.asm'
No errors on assembly of 'd:\stm8\dbg1\mapping.asm'
No errors on assembly of 'd:\stm8\dbg1\mapping.asm'
No errors on assembly of 'd:\stm8\dbg1\main.asm'
No errors on assembly of 'd:\stm8\dbg1\main.asm'
No errors on assembly of 'd:\stm8\dbg1\mapping.asm'
No errors on assembly of 'd:\stm8\dbg1\mapping.asm'
No errors on assembly of 'd:\stm8\dbg1\main.asm'
No errors on assembly of 'd:\stm8\dbg1\main.asm'
No errors on assembly of 'd:\stm8\dbg1\main.asm'
d:\stm8\dbg1\main.asm(598): as2 : Error 46: Illegal undefined label 'ADC_DDRH'
d:\stm8\dbg1\main.asm(600): as2 : Error 46: Illegal undefined label 'ADC_DDRL'
2 errors on assembly of 'd:\stm8\dbg1\main.asm'
No errors on assembly of 'd:\stm8\dbg1\mapping.asm'
No errors on assembly of 'd:\stm8\dbg1\mapping.asm'
No errors on assembly of 'd:\stm8\dbg1\main.asm'
No errors on assembly of 'd:\stm8\dbg1\main.asm'
No errors on assembly of 'd:\stm8\dbg1\mapping.asm'
No errors on assembly of 'd:\stm8\dbg1\mapping.asm'
No errors on assembly of 'd:\stm8\dbg1\main.asm'
No errors on assembly of 'd:\stm8\dbg1\main.asm'
No errors on assembly of 'd:\stm8\dbg1\mapping.asm'
No errors on assembly of 'd:\stm8\dbg1\mapping.asm'
No errors on assembly of 'd:\stm8\dbg1\main.asm'
No errors on assembly of 'd:\stm8\dbg1\main.asm'
No errors on assembly of 'd:\stm8\dbg1\mapping.asm'
No errors on assembly of 'd:\stm8\dbg1\mapping.asm'
No errors on assembly of 'd:\stm8\dbg1\main.asm'
No errors on assembly of 'd:\stm8\dbg1\main.asm'
No errors on assembly of 'd:\stm8\dbg1\mapping.asm'
No errors on assembly of 'd:\stm8\dbg1\mapping.asm'
No errors on assembly of 'd:\stm8\dbg1\main.asm'
No errors on assembly of 'd:\stm8\dbg1\main.asm'
No errors on assembly of 'd:\stm8\dbg1\mapping.asm'
No errors on assembly of 'd:\stm8\dbg1\mapping.asm'
No errors on assembly of 'd:\stm8\dbg1\main.asm'
No errors on assembly of 'd:\stm8\dbg1\main.asm'
No errors on assembly of 'd:\stm8\dbg1\mapping.asm'
No errors on assembly of 'd:\stm8\dbg1\mapping.asm'
No errors on assembly of 'd:\stm8\dbg1\main.asm'
No errors on assembly of 'd:\stm8\dbg1\main.asm'
No errors on assembly of 'd:\stm8\dbg1\mapping.asm'
No errors on assembly of 'd:\stm8\dbg1\mapping.asm'
No errors on assembly of 'd:\stm8\dbg1\main.asm'
No errors on assembly of 'd:\stm8\dbg1\main.asm'
No errors on assembly of 'd:\stm8\dbg1\mapping.asm'
No errors on assembly of 'd:\stm8\dbg1\mapping.asm'
No errors on assembly of 'd:\stm8\dbg1\main.asm'
No errors on assembly of 'd:\stm8\dbg1\main.asm'
No errors on assembly of 'd:\stm8\dbg1\mapping.asm'
No errors on assembly of 'd:\stm8\dbg1\mapping.asm'
No errors on assembly of 'd:\stm8\dbg1\main.asm'
No errors on assembly of 'd:\stm8\dbg1\main.asm'
No errors on assembly of 'd:\stm8\dbg1\mapping.asm'
No errors on assembly of 'd:\stm8\dbg1\mapping.asm'
No errors on assembly of 'd:\stm8\dbg1\main.asm'
No errors on assembly of 'd:\stm8\dbg1\main.asm'
No errors on assembly of 'd:\stm8\dbg1\mapping.asm'
No errors on assembly of 'd:\stm8\dbg1\mapping.asm'
No errors on assembly of 'd:\stm8\dbg1\main.asm'
No errors on assembly of 'd:\stm8\dbg1\main.asm'
No errors on assembly of 'd:\stm8\dbg1\mapping.asm'
No errors on assembly of 'd:\stm8\dbg1\mapping.asm'
No errors on assembly of 'd:\stm8\dbg1\main.asm'
No errors on assembly of 'd:\stm8\dbg1\main.asm'
No errors on assembly of 'd:\stm8\dbg1\main.asm'
No errors on assembly of 'd:\stm8\dbg1\main.asm'
No errors on assembly of 'd:\stm8\dbg1\mapping.asm'
No errors on assembly of 'd:\stm8\dbg1\mapping.asm'
No errors on assembly of 'd:\stm8\dbg1\main.asm'
No errors on assembly of 'd:\stm8\dbg1\main.asm'
No errors on assembly of 'd:\stm8\dbg1\mapping.asm'
No errors on assembly of 'd:\stm8\dbg1\mapping.asm'
No errors on assembly of 'd:\stm8\dbg1\main.asm'
No errors on assembly of 'd:\stm8\dbg1\main.asm'
No errors on assembly of 'd:\stm8\dbg1\mapping.asm'
No errors on assembly of 'd:\stm8\dbg1\mapping.asm'
d:\stm8\dbg1\main.asm(660): as1 : Error 54: Can't match Addressing mode '	BRES A, #$80; clear EOC'
1 error on assembly of 'd:\stm8\dbg1\main.asm'
d:\stm8\dbg1\main.asm(660): as1 : Error 54: Can't match Addressing mode '	BRES A, #$80; clear EOC'
1 error on assembly of 'd:\stm8\dbg1\main.asm'
No errors on assembly of 'd:\stm8\dbg1\main.asm'
No errors on assembly of 'd:\stm8\dbg1\main.asm'
No errors on assembly of 'd:\stm8\dbg1\main.asm'
No errors on assembly of 'd:\stm8\dbg1\main.asm'
No errors on assembly of 'd:\stm8\dbg1\main.asm'
No errors on assembly of 'd:\stm8\dbg1\main.asm'
No errors on assembly of 'd:\stm8\dbg1\mapping.asm'
No errors on assembly of 'd:\stm8\dbg1\mapping.asm'
No errors on assembly of 'd:\stm8\dbg1\main.asm'
No errors on assembly of 'd:\stm8\dbg1\main.asm'
No errors on assembly of 'd:\stm8\dbg1\mapping.asm'
No errors on assembly of 'd:\stm8\dbg1\mapping.asm'
No errors on assembly of 'd:\stm8\dbg1\main.asm'
No errors on assembly of 'd:\stm8\dbg1\main.asm'
No errors on assembly of 'd:\stm8\dbg1\mapping.asm'
No errors on assembly of 'd:\stm8\dbg1\mapping.asm'
No errors on assembly of 'd:\stm8\dbg1\main.asm'
No errors on assembly of 'd:\stm8\dbg1\main.asm'
